[debug] [2022-10-27T09:20:08.496Z] ----------------------------------------------------------------------
[debug] [2022-10-27T09:20:08.504Z] Command:       C:\Program Files\nodejs\node.exe C:\Users\Antor\AppData\Roaming\npm\node_modules\firebase-tools\lib\bin\firebase.js init
[debug] [2022-10-27T09:20:08.506Z] CLI Version:   11.14.4
[debug] [2022-10-27T09:20:08.507Z] Platform:      win32
[debug] [2022-10-27T09:20:08.507Z] Node Version:  v16.17.0
[debug] [2022-10-27T09:20:08.511Z] Time:          Thu Oct 27 2022 15:20:08 GMT+0600 (Bangladesh Standard Time)
[debug] [2022-10-27T09:20:08.512Z] ----------------------------------------------------------------------
[debug] 
[debug] [2022-10-27T09:20:08.543Z] > command requires scopes: ["email","openid","https://www.googleapis.com/auth/cloudplatformprojects.readonly","https://www.googleapis.com/auth/firebase","https://www.googleapis.com/auth/cloud-platform"]
[debug] [2022-10-27T09:20:08.544Z] > authorizing via signed-in user (himua4991@gmail.com)
[info] 
     ######## #### ########  ######## ########     ###     ######  ########
     ##        ##  ##     ## ##       ##     ##  ##   ##  ##       ##
     ######    ##  ########  ######   ########  #########  ######  ######
     ##        ##  ##    ##  ##       ##     ## ##     ##       ## ##
     ##       #### ##     ## ######## ########  ##     ##  ######  ########

You're about to initialize a Firebase project in this directory:

  C:\react\assignment-10-clint-side

Before we get started, keep in mind:

  * You are currently outside your home directory

[info] 
=== Project Setup
[info] 
[info] First, let's associate this project directory with a Firebase project.
[info] You can create multiple project aliases by running firebase use --add, 
[info] but for now we'll just set up a default project.
[info] 
[debug] [2022-10-27T09:20:20.419Z] >>> [apiv2][query] GET https://firebase.googleapis.com/v1beta1/projects pageSize=100
[debug] [2022-10-27T09:20:23.927Z] <<< [apiv2][status] GET https://firebase.googleapis.com/v1beta1/projects 200
[debug] [2022-10-27T09:20:23.927Z] <<< [apiv2][body] GET https://firebase.googleapis.com/v1beta1/projects [omitted]
[debug] [2022-10-27T09:21:32.262Z] ----------------------------------------------------------------------
[debug] [2022-10-27T09:21:32.272Z] Command:       C:\Program Files\nodejs\node.exe C:\Users\Antor\AppData\Roaming\npm\node_modules\firebase-tools\lib\bin\firebase.js init
[debug] [2022-10-27T09:21:32.274Z] CLI Version:   11.14.4
[debug] [2022-10-27T09:21:32.275Z] Platform:      win32
[debug] [2022-10-27T09:21:32.275Z] Node Version:  v16.17.0
[debug] [2022-10-27T09:21:32.280Z] Time:          Thu Oct 27 2022 15:21:32 GMT+0600 (Bangladesh Standard Time)
[debug] [2022-10-27T09:21:32.281Z] ----------------------------------------------------------------------
[debug] 
[debug] [2022-10-27T09:21:32.315Z] > command requires scopes: ["email","openid","https://www.googleapis.com/auth/cloudplatformprojects.readonly","https://www.googleapis.com/auth/firebase","https://www.googleapis.com/auth/cloud-platform"]
[debug] [2022-10-27T09:21:32.317Z] > authorizing via signed-in user (himua4991@gmail.com)
[info] 
     ######## #### ########  ######## ########     ###     ######  ########
     ##        ##  ##     ## ##       ##     ##  ##   ##  ##       ##
     ######    ##  ########  ######   ########  #########  ######  ######
     ##        ##  ##    ##  ##       ##     ## ##     ##       ## ##
     ##       #### ##     ## ######## ########  ##     ##  ######  ########

You're about to initialize a Firebase project in this directory:

  C:\react\assignment-10-clint-side

Before we get started, keep in mind:

  * You are currently outside your home directory

[info] 
=== Project Setup
[info] 
[info] First, let's associate this project directory with a Firebase project.
[info] You can create multiple project aliases by running firebase use --add, 
[info] but for now we'll just set up a default project.
[info] 
[info] i  If you want to create a project in a Google Cloud organization or folder, please use "firebase projects:create" instead, and return to this command when you've created the project. 
